1741659660262:all Params
1741660672279:remove Params
1741660916883:all Params
1741660937116:remove Params
1741793023679:all Params
1741793628063:remove Params
1741793642662:all Params
1741794927577:remove Params
1741795027790:all Params
1741795352538:remove Params
1741795380858:all Params
1741795552340:remove Params
1741795600815:all Paramsw
1741795606973:all Params
1741795693878:remove Params
1741796450536:all Params
1741796472840:remove Params
1741796981777:all Params
1741797090769:remove Params
1741797131845:all Params
1741797163256:remove Params
1741798358562:all Params
1741798382993:remove Params
1741799028561:all Params
1741799213811:remove Params
1741799257957:all Params
1741799440069:remove Params
1741799496242:all Params
1741799713951:remove Params
1741799738219:all Params
1741799972154:remove Params
1741799994853:all Params
1741803046217:remove Params
1741803084629:all Params
1741876526054:all TravelRequestesDetail
1741876642917:all TravelRequestsDetail
1742673037674:list
1742673168041:all Person
1742673366159:remove Person
1742673395977:all Person
1742673486821:remove Person
1742673555189:all Person
1742673660352:remove Person
1742673743024:all Person
1742673924641:remove Person
1742673985820:remote Person
1742674001912:all Person
1742674037321:remove Person
1742674063625:all Person
1742674120628:remove Person
1742674153752:all Person
1742674622578:remove Person
1742674771085:all Person
1742674919399:remove Person
1742674944343:all Person
1742675075197:remove Person
1742675092846:all Person
1742675143899:remove Person
1742675165029:all Person
1742675292491:remove Person
1742675366246:all Person
1742675522836:remove Person
1742675558443:all Person
1742675669160:remove Person
1742675688010:all Person
1742694222322:all UnitMeasurement
1742694271137:remove UnitMeasurement
1742700401865:all Product
1742700610520:remove Product
1743208685133:list
1743208696558:all Product
1743208729229:all Person
1743212029019:dto Person
1743212093375:all Person
1743212367480:dto Person
1743212459862:all Person
1743212507319:remove Person
1743212523135:all Person
1743212707784:remove Person
1743212725320:all Person
1743212812233:remove Person
1743212850039:dto Person
1743212863084:all Person
1743212899440:remove Person
1743212917293:all Person
1743213322849:al Person
1743213328165:all Person
1743213393237:remove Person
1743213417473:all Person
1743213486753:remove Person
1743213516339:all Person
1743213539773:remove Person
1743213922394:all Person
1743214066286:remove Person
1743214080872:all Person
1743214162983:remove Person
1743214176920:all Person
1743214203607:remove Person
1743214518353:all Person
1743214542703:remove Person
1743215623352:all Person
1743215645342:remove Person
1743215861601:all Person
1743215879825:list
1743215939974:remove Person
1743215954489:list
1743216214784:all Person
1743216379550:remove Person
1743216422230:all Person
1743216488371:remove Person
1743217905060:all Person
1743217946514:+remove Person
1743217954479:remove Person
1743218009253:all Person
1743218018906:remove Person
1743218379926:dto Person
1743218394451:remove Person
1743218495642:all Person
1743218499208:remove Person
1743218508575:all Person
1743218531803:remove Person
1743218865437:all Person
1743218924539:remove Person
1743218933897:list
1745974800750:files
1745974848900:all Person
1745974876269:remove Person
1745974968479:all Person
1745975002079:remove Person
1745975069902:all Person
1745975809876:files
1745975862460:all Person
1745975970818:files
1745975978309:all Person
1745976107249:remove Person
